#
# A fatal error has been detected by the Java Runtime Environment:
#
#  EXCEPTION_ACCESS_VIOLATION (0xc0000005) at pc=0x0000000075078431, pid=9360, tid=0x0000000000001874
#
# JRE version: Java(TM) SE Runtime Environment (8.0_171-b11) (build 1.8.0_171-b11)
# Java VM: Java HotSpot(TM) 64-Bit Server VM (25.171-b11 mixed mode windows-amd64 compressed oops)
# Problematic frame:
# C  0x0000000075078431
#
# Failed to write core dump. Minidumps are not enabled by default on client versions of Windows
#
# If you would like to submit a bug report, please visit:
#   http://bugreport.java.com/bugreport/crash.jsp
# The crash happened outside the Java Virtual Machine in native code.
# See problematic frame for where to report the bug.
#

---------------  T H R E A D  ---------------

Current thread (0x000000001fd7e000):  JavaThread "JavaFX Application Thread" [_thread_in_native, id=6260, stack(0x00000000256d0000,0x00000000257d0000)]

siginfo: ExceptionCode=0xc0000005, reading address 0x00000000000000a0

Registers:
RAX=0x00005d844e37dd66, RBX=0x00000000257cb990, RCX=0x0000000000000000, RDX=0x00000000257cb990
RSP=0x00000000257cb900, RBP=0x00000000257cbb70, RSI=0x0000000001146780, RDI=0x00000000298bb730
R8 =0x0000000000fd3900, R9 =0x0000000000008000, R10=0x000000002ef635e0, R11=0x0000000000000000
R12=0x00000000257cbb70, R13=0x0000000000000000, R14=0x00000000257cbcf0, R15=0x00000000257cbcf0
RIP=0x0000000075078431, EFLAGS=0x0000000000010206

Top of Stack: (sp=0x00000000257cb900)
0x00000000257cb900:   00000000257cbcf0 00000000257cbcf0
0x00000000257cb910:   00000000ffffffff 0000000000000004
0x00000000257cb920:   00000000257cbb70 0000000000000000
0x00000000257cb930:   0000000001146780 00007ffb40d5e52b
0x00000000257cb940:   00000000257cbcf0 00000000257cbcf0
0x00000000257cb950:   00000000ffffffff 00000000257cbb70
0x00000000257cb960:   00000000298bb730 00000000752238f7
0x00000000257cb970:   00000000257cba10 00000000257cbb70
0x00000000257cb980:   0000000001146780 0000000075133d99
0x00000000257cb990:   0000000000000000 0000000000000000
0x00000000257cb9a0:   000000002ef63ef0 00005d844e37dd66
0x00000000257cb9b0:   00000000298bb730 00000000752217d0
0x00000000257cb9c0:   00000000299785e0 00000000257cba10
0x00000000257cb9d0:   00000000257cbb70 0000000001146780
0x00000000257cb9e0:   000000002988cad0 0000000074cdb477
0x00000000257cb9f0:   000000002988cad0 0000000000000000 

Instructions: (pc=0x0000000075078431)
0x0000000075078411:   54 41 55 41 56 41 57 48 83 ec 40 48 c7 02 00 00
0x0000000075078421:   00 00 48 8b da 48 c7 42 08 00 00 00 00 4c 8b e9
0x0000000075078431:   48 8b 91 a0 00 00 00 44 8b a1 ac 00 00 00 49 c1
0x0000000075078441:   e4 04 4c 03 e2 49 3b d4 0f 84 ca 00 00 00 90 4c 


Register to memory mapping:

RAX=0x00005d844e37dd66 is an unknown value
RBX=0x00000000257cb990 is pointing into the stack for thread: 0x000000001fd7e000
RCX=0x0000000000000000 is an unknown value
RDX=0x00000000257cb990 is pointing into the stack for thread: 0x000000001fd7e000
RSP=0x00000000257cb900 is pointing into the stack for thread: 0x000000001fd7e000
RBP=0x00000000257cbb70 is pointing into the stack for thread: 0x000000001fd7e000
RSI=0x0000000001146780 is an unknown value
RDI=0x00000000298bb730 is an unknown value
R8 =0x0000000000fd3900 is an unknown value
R9 =0x0000000000008000 is an unknown value
R10=0x000000002ef635e0 is an unknown value
R11=0x0000000000000000 is an unknown value
R12=0x00000000257cbb70 is pointing into the stack for thread: 0x000000001fd7e000
R13=0x0000000000000000 is an unknown value
R14=0x00000000257cbcf0 is pointing into the stack for thread: 0x000000001fd7e000
R15=0x00000000257cbcf0 is pointing into the stack for thread: 0x000000001fd7e000


Stack: [0x00000000256d0000,0x00000000257d0000],  sp=0x00000000257cb900,  free space=1006k
Native frames: (J=compiled Java code, j=interpreted, Vv=VM code, C=native code)
C  0x0000000075078431
C  0x00000000752238f7
C  0x00000000752217d0
C  0x0000000074cdb477
C  0x0000000075223a4b
C  0x0000000074cd25f9
C  0x0000000074fa1372
C  0x0000000074f9d034
C  0x0000000074fa0fcc
C  0x00000000753b648c
C  0x0000000003168c67

Java frames: (J=compiled Java code, j=interpreted, Vv=VM code)
j  com.sun.webkit.WebPage.twkProcessMouseEvent(JIIIIIIIZZZZZD)Z+0
j  com.sun.webkit.WebPage.dispatchMouseEvent(Lcom/sun/webkit/event/WCMouseEvent;)Z+142
j  javafx.scene.web.WebView.processMouseEvent(Ljavafx/scene/input/MouseEvent;)V+181
J 6890 C1 javafx.scene.web.WebView$$Lambda$125.handle(Ljavafx/event/Event;)V (12 bytes) @ 0x00000000039890a4 [0x0000000003988ee0+0x1c4]
J 6060 C1 com.sun.javafx.event.CompositeEventHandler$NormalEventHandlerRecord.handleBubblingEvent(Ljavafx/event/Event;)V (11 bytes) @ 0x0000000004349ecc [0x0000000004349dc0+0x10c]
J 6026 C1 com.sun.javafx.event.CompositeEventHandler.dispatchBubblingEvent(Ljavafx/event/Event;)V (57 bytes) @ 0x000000000432634c [0x0000000004326100+0x24c]
J 5852 C1 com.sun.javafx.event.EventHandlerManager.dispatchBubblingEvent(Ljavafx/event/Event;)Ljavafx/event/Event; (23 bytes) @ 0x0000000004295b4c [0x00000000042954a0+0x6ac]
J 5851 C1 com.sun.javafx.event.CompositeEventDispatcher.dispatchBubblingEvent(Ljavafx/event/Event;)Ljavafx/event/Event; (35 bytes) @ 0x0000000004294e1c [0x0000000004294c60+0x1bc]
J 5765 C1 com.sun.javafx.event.BasicEventDispatcher.dispatchEvent(Ljavafx/event/Event;Ljavafx/event/EventDispatchChain;)Ljavafx/event/Event; (44 bytes) @ 0x000000000422a3bc [0x000000000422a080+0x33c]
J 6571 C2 com.sun.javafx.event.EventDispatchChainImpl.dispatchEvent(Ljavafx/event/Event;)Ljavafx/event/Event; (101 bytes) @ 0x000000000445ac14 [0x000000000445ab60+0xb4]
J 5765 C1 com.sun.javafx.event.BasicEventDispatcher.dispatchEvent(Ljavafx/event/Event;Ljavafx/event/EventDispatchChain;)Ljavafx/event/Event; (44 bytes) @ 0x000000000422a2d4 [0x000000000422a080+0x254]
J 6571 C2 com.sun.javafx.event.EventDispatchChainImpl.dispatchEvent(Ljavafx/event/Event;)Ljavafx/event/Event; (101 bytes) @ 0x000000000445ac14 [0x000000000445ab60+0xb4]
J 5765 C1 com.sun.javafx.event.BasicEventDispatcher.dispatchEvent(Ljavafx/event/Event;Ljavafx/event/EventDispatchChain;)Ljavafx/event/Event; (44 bytes) @ 0x000000000422a2d4 [0x000000000422a080+0x254]
J 6571 C2 com.sun.javafx.event.EventDispatchChainImpl.dispatchEvent(Ljavafx/event/Event;)Ljavafx/event/Event; (101 bytes) @ 0x000000000445ac14 [0x000000000445ab60+0xb4]
J 5765 C1 com.sun.javafx.event.BasicEventDispatcher.dispatchEvent(Ljavafx/event/Event;Ljavafx/event/EventDispatchChain;)Ljavafx/event/Event; (44 bytes) @ 0x000000000422a2d4 [0x000000000422a080+0x254]
J 6571 C2 com.sun.javafx.event.EventDispatchChainImpl.dispatchEvent(Ljavafx/event/Event;)Ljavafx/event/Event; (101 bytes) @ 0x000000000445ac14 [0x000000000445ab60+0xb4]
J 6052 C1 com.sun.javafx.event.EventUtil.fireEvent(Ljavafx/event/EventTarget;Ljavafx/event/Event;)Ljavafx/event/Event; (81 bytes) @ 0x0000000004342944 [0x0000000004342200+0x744]
J 5991 C1 javafx.scene.Scene$MouseHandler.process(Ljavafx/scene/input/MouseEvent;Z)V (735 bytes) @ 0x00000000042fd41c [0x00000000042fa8e0+0x2b3c]
J 6351 C1 javafx.scene.Scene$ScenePeerListener.mouseEvent(Ljavafx/event/EventType;DDDDLjavafx/scene/input/MouseButton;ZZZZZZZZZ)V (50 bytes) @ 0x0000000003ad712c [0x0000000003ad6e60+0x2cc]
J 6367 C1 com.sun.javafx.tk.quantum.EmbeddedScene.lambda$null$293(IIIIIIZZZZIZZZZ)Ljava/lang/Void; (139 bytes) @ 0x00000000032dcfe4 [0x00000000032dcc20+0x3c4]
J 6366 C1 com.sun.javafx.tk.quantum.EmbeddedScene$$Lambda$415.run()Ljava/lang/Object; (68 bytes) @ 0x000000000350287c [0x0000000003502700+0x17c]
v  ~StubRoutines::call_stub
J 1271  java.security.AccessController.doPrivileged(Ljava/security/PrivilegedAction;Ljava/security/AccessControlContext;)Ljava/lang/Object; (0 bytes) @ 0x000000000359e126 [0x000000000359e0c0+0x66]
J 6363 C1 com.sun.javafx.tk.quantum.EmbeddedScene.lambda$mouseEvent$294(IIIIIIZZZZIZZZZ)V (42 bytes) @ 0x0000000003375dac [0x0000000003375960+0x44c]
J 6004 C1 com.sun.javafx.tk.quantum.EmbeddedScene$$Lambda$414.run()V (68 bytes) @ 0x0000000004317ebc [0x0000000004317d40+0x17c]
J 5954 C1 com.sun.javafx.application.PlatformImpl$$Lambda$84.run()Ljava/lang/Object; (8 bytes) @ 0x00000000042e15cc [0x00000000042e1480+0x14c]
v  ~StubRoutines::call_stub
J 1271  java.security.AccessController.doPrivileged(Ljava/security/PrivilegedAction;Ljava/security/AccessControlContext;)Ljava/lang/Object; (0 bytes) @ 0x000000000359e126 [0x000000000359e0c0+0x66]
J 6858 C2 com.sun.javafx.application.PlatformImpl$$Lambda$83.run()V (12 bytes) @ 0x0000000003693b94 [0x0000000003693b00+0x94]
J 6663 C2 com.sun.glass.ui.InvokeLaterDispatcher$Future.run()V (91 bytes) @ 0x0000000003c7e54c [0x0000000003c7e500+0x4c]
v  ~StubRoutines::call_stub
j  com.sun.glass.ui.win.WinApplication._runLoop(Ljava/lang/Runnable;)V+0
j  com.sun.glass.ui.win.WinApplication.lambda$null$147(ILjava/lang/Runnable;)V+8
j  com.sun.glass.ui.win.WinApplication$$Lambda$73.run()V+12
j  java.lang.Thread.run()V+11
v  ~StubRoutines::call_stub

---------------  P R O C E S S  ---------------

Java Threads: ( => current thread )
  0x000000001fd7e800 JavaThread "Thread-8" daemon [_thread_in_native, id=15496, stack(0x000000002c190000,0x000000002c290000)]
  0x000000001fd7c800 JavaThread "Disposer" daemon [_thread_blocked, id=16372, stack(0x000000002be90000,0x000000002bf90000)]
  0x000000001fd7f800 JavaThread "Prism Font Disposer" daemon [_thread_blocked, id=1336, stack(0x000000002b590000,0x000000002b690000)]
  0x000000001fd7d000 JavaThread "Thread-7" daemon [_thread_in_native, id=12352, stack(0x0000000029e90000,0x0000000029f90000)]
=>0x000000001fd7e000 JavaThread "JavaFX Application Thread" [_thread_in_native, id=6260, stack(0x00000000256d0000,0x00000000257d0000)]
  0x0000000022053800 JavaThread "Thread-6" daemon [_thread_blocked, id=16364, stack(0x00000000255d0000,0x00000000256d0000)]
  0x0000000022b4e800 JavaThread "QuantumRenderer-0" daemon [_thread_blocked, id=3916, stack(0x00000000254d0000,0x00000000255d0000)]
  0x000000002271e000 JavaThread "TimerQueue" daemon [_thread_blocked, id=14588, stack(0x0000000023900000,0x0000000023a00000)]
  0x0000000003056800 JavaThread "DestroyJavaVM" [_thread_blocked, id=9388, stack(0x0000000002f50000,0x0000000003050000)]
  0x000000001ff7b800 JavaThread "Abandoned connection cleanup thread" daemon [_thread_blocked, id=2552, stack(0x0000000021bf0000,0x0000000021cf0000)]
  0x000000001ff30000 JavaThread "AWT-EventQueue-0" [_thread_in_native, id=3436, stack(0x0000000020ef0000,0x0000000020ff0000)]
  0x000000001fecc800 JavaThread "AWT-Windows" daemon [_thread_in_native, id=1976, stack(0x00000000206e0000,0x00000000207e0000)]
  0x000000001feb8800 JavaThread "AWT-Shutdown" [_thread_blocked, id=2832, stack(0x00000000205e0000,0x00000000206e0000)]
  0x000000001feb8000 JavaThread "Java2D Disposer" daemon [_thread_blocked, id=13156, stack(0x00000000204e0000,0x00000000205e0000)]
  0x000000001eb3c800 JavaThread "Service Thread" daemon [_thread_blocked, id=10364, stack(0x000000001f660000,0x000000001f760000)]
  0x000000001eaba800 JavaThread "C1 CompilerThread3" daemon [_thread_blocked, id=6640, stack(0x000000001f560000,0x000000001f660000)]
  0x000000001eaa9800 JavaThread "C2 CompilerThread2" daemon [_thread_in_native, id=348, stack(0x000000001f460000,0x000000001f560000)]
  0x000000001eaa7800 JavaThread "C2 CompilerThread1" daemon [_thread_blocked, id=7760, stack(0x000000001f360000,0x000000001f460000)]
  0x000000001eaa4800 JavaThread "C2 CompilerThread0" daemon [_thread_blocked, id=13820, stack(0x000000001f260000,0x000000001f360000)]
  0x000000001ea9e000 JavaThread "Attach Listener" daemon [_thread_blocked, id=13428, stack(0x000000001f160000,0x000000001f260000)]
  0x000000001ea9c000 JavaThread "Signal Dispatcher" daemon [_thread_blocked, id=9532, stack(0x000000001f060000,0x000000001f160000)]
  0x000000000314e800 JavaThread "Finalizer" daemon [_thread_blocked, id=16252, stack(0x000000001ee70000,0x000000001ef70000)]
  0x000000000314b000 JavaThread "Reference Handler" daemon [_thread_blocked, id=16284, stack(0x000000001e970000,0x000000001ea70000)]

Other Threads:
  0x000000001cba9800 VMThread [stack: 0x000000001e870000,0x000000001e970000] [id=3116]
  0x000000001eb58000 WatcherThread [stack: 0x000000001f760000,0x000000001f860000] [id=7824]

VM state:not at safepoint (normal execution)

VM Mutex/Monitor currently owned by a thread: None

Heap:
 PSYoungGen      total 140288K, used 17865K [0x000000076b180000, 0x0000000776380000, 0x00000007c0000000)
  eden space 129024K, 5% used [0x000000076b180000,0x000000076b83d220,0x0000000772f80000)
  from space 11264K, 97% used [0x0000000773200000,0x0000000773cb5370,0x0000000773d00000)
  to   space 26624K, 0% used [0x0000000774980000,0x0000000774980000,0x0000000776380000)
 ParOldGen       total 222208K, used 29305K [0x00000006c1400000, 0x00000006ced00000, 0x000000076b180000)
  object space 222208K, 13% used [0x00000006c1400000,0x00000006c309e488,0x00000006ced00000)
 Metaspace       used 43015K, capacity 44805K, committed 45096K, reserved 1087488K
  class space    used 5804K, capacity 6135K, committed 6192K, reserved 1048576K

Card table byte_map: [0x0000000012510000,0x0000000012d10000] byte_map_base: 0x000000000ef06000

Marking Bits: (ParMarkBitMap*) 0x00000000527f08c0
 Begin Bits: [0x0000000013a60000, 0x0000000017a10000)
 End Bits:   [0x0000000017a10000, 0x000000001b9c0000)

Polling page: 0x0000000000bf0000

CodeCache: size=245760Kb used=19248Kb max_used=20108Kb free=226511Kb
 bounds [0x0000000003150000, 0x0000000004510000, 0x0000000012150000]
 total_blobs=7117 nmethods=6148 adapters=879
 compilation: enabled

Compilation events (10 events):
Event: 82.356 Thread 0x000000001eaba800 6942       1       com.sun.javafx.webkit.prism.WCGraphicsPrismContext::access$2100 (5 bytes)
Event: 82.357 Thread 0x000000001eaba800 nmethod 6942 0x00000000038e3e50 code [0x00000000038e3fa0, 0x00000000038e4090]
Event: 82.372 Thread 0x000000001eaba800 6944       1       com.sun.javafx.webkit.prism.WCGraphicsPrismContext$ContextState::getCompositeOperation (5 bytes)
Event: 82.372 Thread 0x000000001eaba800 nmethod 6944 0x00000000038970d0 code [0x0000000003897220, 0x0000000003897330]
Event: 82.372 Thread 0x000000001eaba800 6945       1       com.sun.javafx.webkit.prism.WCGraphicsPrismContext$ContextState::getClipNoClone (5 bytes)
Event: 82.372 Thread 0x000000001eaba800 nmethod 6945 0x0000000003a706d0 code [0x0000000003a70820, 0x0000000003a70930]
Event: 82.373 Thread 0x000000001eaba800 6946       3       java.nio.DirectByteBuffer::getFloat (14 bytes)
Event: 82.373 Thread 0x000000001eaba800 nmethod 6946 0x0000000003880810 code [0x0000000003880980, 0x0000000003880c38]
Event: 82.387 Thread 0x000000001eaba800 6947       3       java.awt.Toolkit$SelectiveAWTEventListener::eventDispatched (745 bytes)
Event: 82.387 Thread 0x000000001eaba800 nmethod 6947 0x000000000407e250 code [0x000000000407e480, 0x000000000407f9c8]

GC Heap History (10 events):
Event: 21.573 GC heap before
{Heap before GC invocations=7 (full 2):
 PSYoungGen      total 96768K, used 91510K [0x000000076b180000, 0x0000000772000000, 0x00000007c0000000)
  eden space 86016K, 100% used [0x000000076b180000,0x0000000770580000,0x0000000770580000)
  from space 10752K, 51% used [0x0000000771000000,0x000000077155d8d0,0x0000000771a80000)
  to   space 10752K, 0% used [0x0000000770580000,0x0000000770580000,0x0000000771000000)
 ParOldGen       total 222208K, used 18723K [0x00000006c1400000, 0x00000006ced00000, 0x000000076b180000)
  object space 222208K, 8% used [0x00000006c1400000,0x00000006c2648c48,0x00000006ced00000)
 Metaspace       used 42669K, capacity 44485K, committed 44584K, reserved 1087488K
  class space    used 5797K, capacity 6135K, committed 6192K, reserved 1048576K
Event: 21.583 GC heap after
Heap after GC invocations=7 (full 2):
 PSYoungGen      total 96768K, used 10735K [0x000000076b180000, 0x0000000775e00000, 0x00000007c0000000)
  eden space 86016K, 0% used [0x000000076b180000,0x000000076b180000,0x0000000770580000)
  from space 10752K, 99% used [0x0000000770580000,0x0000000770ffbe70,0x0000000771000000)
  to   space 30720K, 0% used [0x0000000774000000,0x0000000774000000,0x0000000775e00000)
 ParOldGen       total 222208K, used 29273K [0x00000006c1400000, 0x00000006ced00000, 0x000000076b180000)
  object space 222208K, 13% used [0x00000006c1400000,0x00000006c3096488,0x00000006ced00000)
 Metaspace       used 42669K, capacity 44485K, committed 44584K, reserved 1087488K
  class space    used 5797K, capacity 6135K, committed 6192K, reserved 1048576K
}
Event: 34.016 GC heap before
{Heap before GC invocations=8 (full 2):
 PSYoungGen      total 96768K, used 96751K [0x000000076b180000, 0x0000000775e00000, 0x00000007c0000000)
  eden space 86016K, 100% used [0x000000076b180000,0x0000000770580000,0x0000000770580000)
  from space 10752K, 99% used [0x0000000770580000,0x0000000770ffbe70,0x0000000771000000)
  to   space 30720K, 0% used [0x0000000774000000,0x0000000774000000,0x0000000775e00000)
 ParOldGen       total 222208K, used 29273K [0x00000006c1400000, 0x00000006ced00000, 0x000000076b180000)
  object space 222208K, 13% used [0x00000006c1400000,0x00000006c3096488,0x00000006ced00000)
 Metaspace       used 42827K, capacity 44549K, committed 44840K, reserved 1087488K
  class space    used 5803K, capacity 6135K, committed 6192K, reserved 1048576K
Event: 34.024 GC heap after
Heap after GC invocations=8 (full 2):
 PSYoungGen      total 131584K, used 15795K [0x000000076b180000, 0x0000000775480000, 0x00000007c0000000)
  eden space 110592K, 0% used [0x000000076b180000,0x000000076b180000,0x0000000771d80000)
  from space 20992K, 75% used [0x0000000774000000,0x0000000774f6ce90,0x0000000775480000)
  to   space 28160K, 0% used [0x0000000771d80000,0x0000000771d80000,0x0000000773900000)
 ParOldGen       total 222208K, used 29281K [0x00000006c1400000, 0x00000006ced00000, 0x000000076b180000)
  object space 222208K, 13% used [0x00000006c1400000,0x00000006c3098488,0x00000006ced00000)
 Metaspace       used 42827K, capacity 44549K, committed 44840K, reserved 1087488K
  class space    used 5803K, capacity 6135K, committed 6192K, reserved 1048576K
}
Event: 49.399 GC heap before
{Heap before GC invocations=9 (full 2):
 PSYoungGen      total 131584K, used 126387K [0x000000076b180000, 0x0000000775480000, 0x00000007c0000000)
  eden space 110592K, 100% used [0x000000076b180000,0x0000000771d80000,0x0000000771d80000)
  from space 20992K, 75% used [0x0000000774000000,0x0000000774f6ce90,0x0000000775480000)
  to   space 28160K, 0% used [0x0000000771d80000,0x0000000771d80000,0x0000000773900000)
 ParOldGen       total 222208K, used 29281K [0x00000006c1400000, 0x00000006ced00000, 0x000000076b180000)
  object space 222208K, 13% used [0x00000006c1400000,0x00000006c3098488,0x00000006ced00000)
 Metaspace       used 42845K, capacity 44613K, committed 44840K, reserved 1087488K
  class space    used 5803K, capacity 6135K, committed 6192K, reserved 1048576K
Event: 49.405 GC heap after
Heap after GC invocations=9 (full 2):
 PSYoungGen      total 138752K, used 10882K [0x000000076b180000, 0x0000000776c80000, 0x00000007c0000000)
  eden space 110592K, 0% used [0x000000076b180000,0x000000076b180000,0x0000000771d80000)
  from space 28160K, 38% used [0x0000000771d80000,0x00000007728208f0,0x0000000773900000)
  to   space 27648K, 0% used [0x0000000775180000,0x0000000775180000,0x0000000776c80000)
 ParOldGen       total 222208K, used 29289K [0x00000006c1400000, 0x00000006ced00000, 0x000000076b180000)
  object space 222208K, 13% used [0x00000006c1400000,0x00000006c309a488,0x00000006ced00000)
 Metaspace       used 42845K, capacity 44613K, committed 44840K, reserved 1087488K
  class space    used 5803K, capacity 6135K, committed 6192K, reserved 1048576K
}
Event: 65.116 GC heap before
{Heap before GC invocations=10 (full 2):
 PSYoungGen      total 138752K, used 121474K [0x000000076b180000, 0x0000000776c80000, 0x00000007c0000000)
  eden space 110592K, 100% used [0x000000076b180000,0x0000000771d80000,0x0000000771d80000)
  from space 28160K, 38% used [0x0000000771d80000,0x00000007728208f0,0x0000000773900000)
  to   space 27648K, 0% used [0x0000000775180000,0x0000000775180000,0x0000000776c80000)
 ParOldGen       total 222208K, used 29289K [0x00000006c1400000, 0x00000006ced00000, 0x000000076b180000)
  object space 222208K, 13% used [0x00000006c1400000,0x00000006c309a488,0x00000006ced00000)
 Metaspace       used 42937K, capacity 44677K, committed 44840K, reserved 1087488K
  class space    used 5803K, capacity 6135K, committed 6192K, reserved 1048576K
Event: 65.122 GC heap after
Heap after GC invocations=10 (full 2):
 PSYoungGen      total 153600K, used 10868K [0x000000076b180000, 0x0000000776700000, 0x00000007c0000000)
  eden space 131584K, 0% used [0x000000076b180000,0x000000076b180000,0x0000000773200000)
  from space 22016K, 49% used [0x0000000775180000,0x0000000775c1d370,0x0000000776700000)
  to   space 27136K, 0% used [0x0000000773200000,0x0000000773200000,0x0000000774c80000)
 ParOldGen       total 222208K, used 29297K [0x00000006c1400000, 0x00000006ced00000, 0x000000076b180000)
  object space 222208K, 13% used [0x00000006c1400000,0x00000006c309c488,0x00000006ced00000)
 Metaspace       used 42937K, capacity 44677K, committed 44840K, reserved 1087488K
  class space    used 5803K, capacity 6135K, committed 6192K, reserved 1048576K
}
Event: 82.127 GC heap before
{Heap before GC invocations=11 (full 2):
 PSYoungGen      total 153600K, used 142452K [0x000000076b180000, 0x0000000776700000, 0x00000007c0000000)
  eden space 131584K, 100% used [0x000000076b180000,0x0000000773200000,0x0000000773200000)
  from space 22016K, 49% used [0x0000000775180000,0x0000000775c1d370,0x0000000776700000)
  to   space 27136K, 0% used [0x0000000773200000,0x0000000773200000,0x0000000774c80000)
 ParOldGen       total 222208K, used 29297K [0x00000006c1400000, 0x00000006ced00000, 0x000000076b180000)
  object space 222208K, 13% used [0x00000006c1400000,0x00000006c309c488,0x00000006ced00000)
 Metaspace       used 42987K, capacity 44805K, committed 45096K, reserved 1087488K
  class space    used 5803K, capacity 6135K, committed 6192K, reserved 1048576K
Event: 82.132 GC heap after
Heap after GC invocations=11 (full 2):
 PSYoungGen      total 140288K, used 10964K [0x000000076b180000, 0x0000000776380000, 0x00000007c0000000)
  eden space 129024K, 0% used [0x000000076b180000,0x000000076b180000,0x0000000772f80000)
  from space 11264K, 97% used [0x0000000773200000,0x0000000773cb5370,0x0000000773d00000)
  to   space 26624K, 0% used [0x0000000774980000,0x0000000774980000,0x0000000776380000)
 ParOldGen       total 222208K, used 29305K [0x00000006c1400000, 0x00000006ced00000, 0x000000076b180000)
  object space 222208K, 13% used [0x00000006c1400000,0x00000006c309e488,0x00000006ced00000)
 Metaspace       used 42987K, capacity 44805K, committed 45096K, reserved 1087488K
  class space    used 5803K, capacity 6135K, committed 6192K, reserved 1048576K
}

Deoptimization events (10 events):
Event: 18.727 Thread 0x000000001fd7e000 Uncommon trap: reason=unstable_if action=reinterpret pc=0x0000000004277c7c method=javafx.scene.Node.updateBounds()V @ 70
Event: 18.727 Thread 0x000000001fd7e000 Uncommon trap: reason=unstable_if action=reinterpret pc=0x0000000004277c7c method=javafx.scene.Node.updateBounds()V @ 70
Event: 18.930 Thread 0x000000001fd7e000 Uncommon trap: reason=predicate action=maybe_recompile pc=0x0000000003de25d8 method=java.util.AbstractCollection.toArray([Ljava/lang/Object;)[Ljava/lang/Object; @ 49
Event: 23.234 Thread 0x000000001fd7e000 Uncommon trap: reason=array_check action=maybe_recompile pc=0x000000000443ef30 method=java.util.AbstractCollection.toArray([Ljava/lang/Object;)[Ljava/lang/Object; @ 119
Event: 23.234 Thread 0x000000001fd7e000 Uncommon trap: reason=array_check action=maybe_recompile pc=0x000000000443ef30 method=java.util.AbstractCollection.toArray([Ljava/lang/Object;)[Ljava/lang/Object; @ 119
Event: 23.234 Thread 0x000000001fd7e000 Uncommon trap: reason=array_check action=maybe_recompile pc=0x000000000443ef30 method=java.util.AbstractCollection.toArray([Ljava/lang/Object;)[Ljava/lang/Object; @ 119
Event: 23.234 Thread 0x000000001fd7e000 Uncommon trap: reason=array_check action=maybe_recompile pc=0x000000000443ef30 method=java.util.AbstractCollection.toArray([Ljava/lang/Object;)[Ljava/lang/Object; @ 119
Event: 33.126 Thread 0x000000002271e000 Uncommon trap: reason=unstable_if action=reinterpret pc=0x0000000003d82ff4 method=sun.awt.PostEventQueue.flush()V @ 23
Event: 82.155 Thread 0x000000001ff30000 Uncommon trap: reason=unstable_if action=reinterpret pc=0x0000000003eae3c8 method=javafx.scene.Node$MiscProperties.getInputMethodRequests()Ljavafx/scene/input/InputMethodRequests; @ 4
Event: 82.235 Thread 0x000000001ff30000 Uncommon trap: reason=unstable_if action=reinterpret pc=0x00000000044fd578 method=java.awt.Toolkit$SelectiveAWTEventListener.eventDispatched(Ljava/awt/AWTEvent;)V @ 230

Classes redefined (0 events):
No events

Internal exceptions (10 events):
Event: 6.685 Thread 0x000000001fd7e000 Exception <a 'java/io/FileNotFoundException'> (0x000000076b40e450) thrown at [C:\re\workspace\8-2-build-windows-amd64-cygwin\jdk8u171\10807\hotspot\src\share\vm\prims\jni.cpp, line 709]
Event: 6.685 Thread 0x000000001fd7e000 Exception <a 'java/io/FileNotFoundException'> (0x000000076b40f708) thrown at [C:\re\workspace\8-2-build-windows-amd64-cygwin\jdk8u171\10807\hotspot\src\share\vm\prims\jni.cpp, line 709]
Event: 6.685 Thread 0x000000001fd7e000 Exception <a 'java/io/FileNotFoundException'> (0x000000076b410bc0) thrown at [C:\re\workspace\8-2-build-windows-amd64-cygwin\jdk8u171\10807\hotspot\src\share\vm\prims\jni.cpp, line 709]
Event: 6.778 Thread 0x000000001fd7e000 Exception <a 'sun/nio/fs/WindowsException'> (0x000000076bb8ac00) thrown at [C:\re\workspace\8-2-build-windows-amd64-cygwin\jdk8u171\10807\hotspot\src\share\vm\prims\jni.cpp, line 709]
Event: 6.779 Thread 0x000000001fd7e000 Exception <a 'sun/nio/fs/WindowsException'> (0x000000076bb8c5a8) thrown at [C:\re\workspace\8-2-build-windows-amd64-cygwin\jdk8u171\10807\hotspot\src\share\vm\prims\jni.cpp, line 709]
Event: 7.252 Thread 0x000000001fd7e000 Exception <a 'java/io/FileNotFoundException'> (0x000000076dfe3c48) thrown at [C:\re\workspace\8-2-build-windows-amd64-cygwin\jdk8u171\10807\hotspot\src\share\vm\prims\jni.cpp, line 709]
Event: 7.359 Thread 0x000000001fd7e000 Implicit null exception at 0x000000000325ed69 to 0x000000000325ee11
Event: 14.802 Thread 0x000000001fd7e000 Implicit null exception at 0x0000000003e9ecde to 0x0000000003e9f3c1
Event: 15.306 Thread 0x000000001fd7e000 Implicit null exception at 0x0000000004243cec to 0x000000000424b74d
Event: 15.306 Thread 0x000000001fd7e000 Implicit null exception at 0x000000000421fbd4 to 0x0000000004222275

Events (10 events):
Event: 82.356 Executing VM operation: RevokeBias
Event: 82.356 Executing VM operation: RevokeBias done
Event: 82.356 Thread 0x000000001eaba800 flushing nmethod 0x000000000397f8d0
Event: 82.356 Thread 0x000000001eaba800 flushing nmethod 0x0000000003a70590
Event: 82.371 Executing VM operation: RevokeBias
Event: 82.371 Executing VM operation: RevokeBias done
Event: 82.372 Executing VM operation: RevokeBias
Event: 82.372 Executing VM operation: RevokeBias done
Event: 82.388 Thread 0x000000001eaba800 flushing nmethod 0x0000000004134450
Event: 82.388 Thread 0x000000001eaba800 flushing nmethod 0x000000000418ed90


Dynamic libraries:
0x00007ff69e2d0000 - 0x00007ff69e307000 	C:\Program Files\Java\jdk1.8.0_171\bin\java.exe
0x00007ffb44980000 - 0x00007ffb44b61000 	C:\WINDOWS\SYSTEM32\ntdll.dll
0x00007ffb44830000 - 0x00007ffb448e2000 	C:\WINDOWS\System32\KERNEL32.DLL
0x00007ffb41a60000 - 0x00007ffb41cd3000 	C:\WINDOWS\System32\KERNELBASE.dll
0x00007ffb42730000 - 0x00007ffb427d1000 	C:\WINDOWS\System32\ADVAPI32.dll
0x00007ffb429d0000 - 0x00007ffb42a6e000 	C:\WINDOWS\System32\msvcrt.dll
0x00007ffb448f0000 - 0x00007ffb4494b000 	C:\WINDOWS\System32\sechost.dll
0x00007ffb43ed0000 - 0x00007ffb43ff4000 	C:\WINDOWS\System32\RPCRT4.dll
0x00007ffb440f0000 - 0x00007ffb44280000 	C:\WINDOWS\System32\USER32.dll
0x00007ffb41df0000 - 0x00007ffb41e10000 	C:\WINDOWS\System32\win32u.dll
0x00007ffb420a0000 - 0x00007ffb420c8000 	C:\WINDOWS\System32\GDI32.dll
0x00007ffb40e50000 - 0x00007ffb40fe2000 	C:\WINDOWS\System32\gdi32full.dll
0x00007ffb40ff0000 - 0x00007ffb4108f000 	C:\WINDOWS\System32\msvcp_win.dll
0x00007ffb40d50000 - 0x00007ffb40e4a000 	C:\WINDOWS\System32\ucrtbase.dll
0x00007ffb38730000 - 0x00007ffb38999000 	C:\WINDOWS\WinSxS\amd64_microsoft.windows.common-controls_6595b64144ccf1df_6.0.17134.48_none_b4b2216a3cb4dd3e\COMCTL32.dll
0x00007ffb44500000 - 0x00007ffb44823000 	C:\WINDOWS\System32\combase.dll
0x00007ffb419e0000 - 0x00007ffb41a5a000 	C:\WINDOWS\System32\bcryptPrimitives.dll
0x00007ffb440c0000 - 0x00007ffb440ed000 	C:\WINDOWS\System32\IMM32.DLL
0x0000000051ef0000 - 0x0000000051fc2000 	C:\Program Files\Java\jdk1.8.0_171\jre\bin\msvcr100.dll
0x0000000051fd0000 - 0x0000000052870000 	C:\Program Files\Java\jdk1.8.0_171\jre\bin\server\jvm.dll
0x00007ffb42a80000 - 0x00007ffb42a88000 	C:\WINDOWS\System32\PSAPI.DLL
0x00007ffb2cd20000 - 0x00007ffb2cd29000 	C:\WINDOWS\SYSTEM32\WSOCK32.dll
0x00007ffb2f9d0000 - 0x00007ffb2f9da000 	C:\WINDOWS\SYSTEM32\VERSION.dll
0x00007ffb396f0000 - 0x00007ffb39713000 	C:\WINDOWS\SYSTEM32\WINMM.dll
0x00007ffb427e0000 - 0x00007ffb4284c000 	C:\WINDOWS\System32\WS2_32.dll
0x00007ffb396c0000 - 0x00007ffb396ea000 	C:\WINDOWS\SYSTEM32\winmmbase.dll
0x00007ffb41090000 - 0x00007ffb410d9000 	C:\WINDOWS\System32\cfgmgr32.dll
0x0000000051ea0000 - 0x0000000051eaf000 	C:\Program Files\Java\jdk1.8.0_171\jre\bin\verify.dll
0x0000000051e70000 - 0x0000000051e99000 	C:\Program Files\Java\jdk1.8.0_171\jre\bin\java.dll
0x0000000051e50000 - 0x0000000051e66000 	C:\Program Files\Java\jdk1.8.0_171\jre\bin\zip.dll
0x00007ffb42a90000 - 0x00007ffb43ed0000 	C:\WINDOWS\System32\SHELL32.dll
0x00007ffb42680000 - 0x00007ffb42729000 	C:\WINDOWS\System32\shcore.dll
0x00007ffb412d0000 - 0x00007ffb419dd000 	C:\WINDOWS\System32\windows.storage.dll
0x00007ffb41e10000 - 0x00007ffb41e61000 	C:\WINDOWS\System32\shlwapi.dll
0x00007ffb40d10000 - 0x00007ffb40d21000 	C:\WINDOWS\System32\kernel.appcore.dll
0x00007ffb40cf0000 - 0x00007ffb40d0f000 	C:\WINDOWS\System32\profapi.dll
0x00007ffb40c90000 - 0x00007ffb40cdc000 	C:\WINDOWS\System32\powrprof.dll
0x00007ffb40ce0000 - 0x00007ffb40cea000 	C:\WINDOWS\System32\FLTLIB.DLL
0x0000000051e30000 - 0x0000000051e4a000 	C:\Program Files\Java\jdk1.8.0_171\jre\bin\net.dll
0x00007ffb40510000 - 0x00007ffb40576000 	C:\WINDOWS\system32\mswsock.dll
0x00007ffb2dd60000 - 0x00007ffb2dd76000 	C:\WINDOWS\system32\napinsp.dll
0x00007ffb2dd40000 - 0x00007ffb2dd5a000 	C:\WINDOWS\system32\pnrpnsp.dll
0x00007ffb3c430000 - 0x00007ffb3c449000 	C:\WINDOWS\system32\NLAapi.dll
0x00007ffb402d0000 - 0x00007ffb4038e000 	C:\WINDOWS\SYSTEM32\DNSAPI.dll
0x00007ffb44420000 - 0x00007ffb44428000 	C:\WINDOWS\System32\NSI.dll
0x00007ffb40290000 - 0x00007ffb402c8000 	C:\WINDOWS\SYSTEM32\IPHLPAPI.DLL
0x00007ffb2dd30000 - 0x00007ffb2dd3e000 	C:\WINDOWS\System32\winrnr.dll
0x00007ffb3c020000 - 0x00007ffb3c035000 	C:\WINDOWS\System32\wshbth.dll
0x00007ffb390e0000 - 0x00007ffb390ea000 	C:\Windows\System32\rasadhlp.dll
0x00007ffb3c060000 - 0x00007ffb3c0d2000 	C:\WINDOWS\System32\fwpuclnt.dll
0x00007ffb407f0000 - 0x00007ffb40815000 	C:\WINDOWS\SYSTEM32\bcrypt.dll
0x0000000051c70000 - 0x0000000051e08000 	C:\Program Files\Java\jdk1.8.0_171\jre\bin\awt.dll
0x00007ffb44430000 - 0x00007ffb444f2000 	C:\WINDOWS\System32\OLEAUT32.dll
0x00007ffb3f0e0000 - 0x00007ffb3f16b000 	C:\WINDOWS\SYSTEM32\apphelp.dll
0x00007ffb3f1d0000 - 0x00007ffb3f268000 	C:\WINDOWS\system32\uxtheme.dll
0x00007ffb42850000 - 0x00007ffb429c5000 	C:\WINDOWS\System32\MSCTF.dll
0x00007ffb3f420000 - 0x00007ffb3f449000 	C:\WINDOWS\system32\dwmapi.dll
0x00007ffb42520000 - 0x00007ffb42671000 	C:\WINDOWS\System32\ole32.dll
0x00007ffb181f0000 - 0x00007ffb18310000 	C:\WINDOWS\system32\opengl32.dll
0x00007ffb1bde0000 - 0x00007ffb1be0c000 	C:\WINDOWS\SYSTEM32\GLU32.dll
0x0000000051c20000 - 0x0000000051c67000 	C:\Program Files\Java\jdk1.8.0_171\jre\bin\fontmanager.dll
0x0000000051e10000 - 0x0000000051e21000 	C:\Program Files\Java\jdk1.8.0_171\jre\bin\nio.dll
0x0000000051bd0000 - 0x0000000051c12000 	C:\Program Files\Java\jdk1.8.0_171\jre\bin\t2k.dll
0x00007ffb2c270000 - 0x00007ffb2c308000 	C:\WINDOWS\System32\TextInputFramework.dll
0x00007ffb3eee0000 - 0x00007ffb3efba000 	C:\WINDOWS\System32\CoreMessaging.dll
0x00007ffb2bed0000 - 0x00007ffb2c1ee000 	C:\WINDOWS\System32\CoreUIComponents.dll
0x00007ffb3fd80000 - 0x00007ffb3fdb1000 	C:\WINDOWS\SYSTEM32\ntmarta.dll
0x00007ffb3d290000 - 0x00007ffb3d3dd000 	C:\WINDOWS\SYSTEM32\wintypes.dll
0x0000000051af0000 - 0x0000000051b14000 	C:\Program Files\Java\jdk1.8.0_171\jre\bin\sunec.dll
0x00007ffb3c730000 - 0x00007ffb3c746000 	C:\WINDOWS\SYSTEM32\dhcpcsvc6.DLL
0x00007ffb3c710000 - 0x00007ffb3c72a000 	C:\WINDOWS\SYSTEM32\dhcpcsvc.DLL
0x00007ffb406c0000 - 0x00007ffb406d7000 	C:\WINDOWS\SYSTEM32\CRYPTSP.dll
0x00007ffb400f0000 - 0x00007ffb40123000 	C:\WINDOWS\system32\rsaenh.dll
0x00007ffb40b90000 - 0x00007ffb40bb8000 	C:\WINDOWS\SYSTEM32\USERENV.dll
0x00007ffb406e0000 - 0x00007ffb406eb000 	C:\WINDOWS\SYSTEM32\CRYPTBASE.dll
0x00007ffb44000000 - 0x00007ffb440a0000 	C:\WINDOWS\System32\clbcatq.dll
0x00007ffb212a0000 - 0x00007ffb2144e000 	C:\WINDOWS\SYSTEM32\WindowsCodecs.dll
0x00007ffb17e80000 - 0x00007ffb17ed8000 	C:\WINDOWS\system32\dataexchange.dll
0x00007ffb3e220000 - 0x00007ffb3e52b000 	C:\WINDOWS\system32\d3d11.dll
0x00007ffb3e9b0000 - 0x00007ffb3eb4c000 	C:\WINDOWS\system32\dcomp.dll
0x00007ffb3fa50000 - 0x00007ffb3fb0b000 	C:\WINDOWS\system32\dxgi.dll
0x00007ffb3f500000 - 0x00007ffb3f6b8000 	C:\WINDOWS\system32\twinapi.appcore.dll
0x00007ffb3f6c0000 - 0x00007ffb3f6e1000 	C:\WINDOWS\system32\RMCLIENT.dll
0x0000000051b90000 - 0x0000000051bba000 	C:\Program Files\Java\jdk1.8.0_171\jre\bin\dcpr.dll
0x00000000237c0000 - 0x00000000237c3000 	C:\Program Files\Java\jdk1.8.0_171\jre\bin\api-ms-win-core-console-l1-1-0.dll
0x00000000237d0000 - 0x00000000237d3000 	C:\Program Files\Java\jdk1.8.0_171\jre\bin\api-ms-win-core-datetime-l1-1-0.dll
0x00000000237e0000 - 0x00000000237e3000 	C:\Program Files\Java\jdk1.8.0_171\jre\bin\api-ms-win-core-debug-l1-1-0.dll
0x00000000237f0000 - 0x00000000237f3000 	C:\Program Files\Java\jdk1.8.0_171\jre\bin\api-ms-win-core-errorhandling-l1-1-0.dll
0x0000000023800000 - 0x0000000023804000 	C:\Program Files\Java\jdk1.8.0_171\jre\bin\api-ms-win-core-file-l1-1-0.dll
0x0000000023810000 - 0x0000000023813000 	C:\Program Files\Java\jdk1.8.0_171\jre\bin\api-ms-win-core-file-l1-2-0.dll
0x0000000023820000 - 0x0000000023823000 	C:\Program Files\Java\jdk1.8.0_171\jre\bin\api-ms-win-core-file-l2-1-0.dll
0x0000000023830000 - 0x0000000023833000 	C:\Program Files\Java\jdk1.8.0_171\jre\bin\api-ms-win-core-handle-l1-1-0.dll
0x0000000023840000 - 0x0000000023843000 	C:\Program Files\Java\jdk1.8.0_171\jre\bin\api-ms-win-core-heap-l1-1-0.dll
0x0000000023850000 - 0x0000000023853000 	C:\Program Files\Java\jdk1.8.0_171\jre\bin\api-ms-win-core-interlocked-l1-1-0.dll
0x0000000023860000 - 0x0000000023863000 	C:\Program Files\Java\jdk1.8.0_171\jre\bin\api-ms-win-core-libraryloader-l1-1-0.dll
0x0000000023870000 - 0x0000000023873000 	C:\Program Files\Java\jdk1.8.0_171\jre\bin\api-ms-win-core-localization-l1-2-0.dll
0x0000000023880000 - 0x0000000023883000 	C:\Program Files\Java\jdk1.8.0_171\jre\bin\api-ms-win-core-memory-l1-1-0.dll
0x0000000023890000 - 0x0000000023893000 	C:\Program Files\Java\jdk1.8.0_171\jre\bin\api-ms-win-core-namedpipe-l1-1-0.dll
0x00000000238a0000 - 0x00000000238a3000 	C:\Program Files\Java\jdk1.8.0_171\jre\bin\api-ms-win-core-processenvironment-l1-1-0.dll
0x00000000238b0000 - 0x00000000238b3000 	C:\Program Files\Java\jdk1.8.0_171\jre\bin\api-ms-win-core-processthreads-l1-1-0.dll
0x00000000238c0000 - 0x00000000238c3000 	C:\Program Files\Java\jdk1.8.0_171\jre\bin\api-ms-win-core-processthreads-l1-1-1.dll
0x00000000238d0000 - 0x00000000238d3000 	C:\Program Files\Java\jdk1.8.0_171\jre\bin\api-ms-win-core-profile-l1-1-0.dll
0x00000000238e0000 - 0x00000000238e3000 	C:\Program Files\Java\jdk1.8.0_171\jre\bin\api-ms-win-core-rtlsupport-l1-1-0.dll
0x00000000238f0000 - 0x00000000238f3000 	C:\Program Files\Java\jdk1.8.0_171\jre\bin\api-ms-win-core-string-l1-1-0.dll
0x0000000025390000 - 0x0000000025393000 	C:\Program Files\Java\jdk1.8.0_171\jre\bin\api-ms-win-core-synch-l1-1-0.dll
0x00000000253a0000 - 0x00000000253a3000 	C:\Program Files\Java\jdk1.8.0_171\jre\bin\api-ms-win-core-synch-l1-2-0.dll
0x00000000253b0000 - 0x00000000253b3000 	C:\Program Files\Java\jdk1.8.0_171\jre\bin\api-ms-win-core-sysinfo-l1-1-0.dll
0x00000000253c0000 - 0x00000000253c3000 	C:\Program Files\Java\jdk1.8.0_171\jre\bin\api-ms-win-core-timezone-l1-1-0.dll
0x00000000253d0000 - 0x00000000253d3000 	C:\Program Files\Java\jdk1.8.0_171\jre\bin\api-ms-win-core-util-l1-1-0.dll
0x00000000253e0000 - 0x00000000253e3000 	C:\Program Files\Java\jdk1.8.0_171\jre\bin\api-ms-win-crt-conio-l1-1-0.dll
0x00000000253f0000 - 0x00000000253f4000 	C:\Program Files\Java\jdk1.8.0_171\jre\bin\api-ms-win-crt-convert-l1-1-0.dll
0x0000000025400000 - 0x0000000025403000 	C:\Program Files\Java\jdk1.8.0_171\jre\bin\api-ms-win-crt-environment-l1-1-0.dll
0x0000000025410000 - 0x0000000025413000 	C:\Program Files\Java\jdk1.8.0_171\jre\bin\api-ms-win-crt-filesystem-l1-1-0.dll
0x0000000025420000 - 0x0000000025423000 	C:\Program Files\Java\jdk1.8.0_171\jre\bin\api-ms-win-crt-heap-l1-1-0.dll
0x0000000025430000 - 0x0000000025433000 	C:\Program Files\Java\jdk1.8.0_171\jre\bin\api-ms-win-crt-locale-l1-1-0.dll
0x0000000025440000 - 0x0000000025445000 	C:\Program Files\Java\jdk1.8.0_171\jre\bin\api-ms-win-crt-math-l1-1-0.dll
0x0000000025450000 - 0x0000000025455000 	C:\Program Files\Java\jdk1.8.0_171\jre\bin\api-ms-win-crt-multibyte-l1-1-0.dll
0x0000000025460000 - 0x0000000025470000 	C:\Program Files\Java\jdk1.8.0_171\jre\bin\api-ms-win-crt-private-l1-1-0.dll
0x0000000025470000 - 0x0000000025473000 	C:\Program Files\Java\jdk1.8.0_171\jre\bin\api-ms-win-crt-process-l1-1-0.dll
0x0000000025480000 - 0x0000000025484000 	C:\Program Files\Java\jdk1.8.0_171\jre\bin\api-ms-win-crt-runtime-l1-1-0.dll
0x0000000025490000 - 0x0000000025494000 	C:\Program Files\Java\jdk1.8.0_171\jre\bin\api-ms-win-crt-stdio-l1-1-0.dll
0x00000000254a0000 - 0x00000000254a4000 	C:\Program Files\Java\jdk1.8.0_171\jre\bin\api-ms-win-crt-string-l1-1-0.dll
0x00000000254b0000 - 0x00000000254b3000 	C:\Program Files\Java\jdk1.8.0_171\jre\bin\api-ms-win-crt-time-l1-1-0.dll
0x00000000254c0000 - 0x00000000254c3000 	C:\Program Files\Java\jdk1.8.0_171\jre\bin\api-ms-win-crt-utility-l1-1-0.dll
0x00007ffae05f0000 - 0x00007ffae06e6000 	C:\Program Files\Java\jdk1.8.0_171\jre\bin\ucrtbase.dll
0x00007ffb0dd50000 - 0x00007ffb0dda1000 	C:\Program Files\Java\jdk1.8.0_171\jre\bin\concrt140.dll
0x00007ffb22a50000 - 0x00007ffb22a66000 	C:\Program Files\Java\jdk1.8.0_171\jre\bin\VCRUNTIME140.dll
0x00007ffaf8260000 - 0x00007ffaf82fc000 	C:\Program Files\Java\jdk1.8.0_171\jre\bin\MSVCP140.dll

VM Arguments:
jvm_args: -Dfile.encoding=UTF-8 
java_command: uk.chromis.pos.forms.StartPOS /debug
java_class_path (initial): C:\Program Files\Java\jdk1.8.0_171\jre\lib\javaws.jar;C:\Program Files\Java\jdk1.8.0_171\jre\lib\deploy.jar;C:\Program Files\Java\jdk1.8.0_171\jre\lib\plugin.jar;C:\Users\Dell Dev 2\Documents\Vogomo\VogomoPOS_20180601\lib\AbsoluteLayout-RELEASE802.jar;C:\Users\Dell Dev 2\Documents\Vogomo\VogomoPOS_20180601\lib\ChromisCtrls.jar;C:\Users\Dell Dev 2\Documents\Vogomo\VogomoPOS_20180601\lib\RXTXcomm.jar;C:\Users\Dell Dev 2\Documents\Vogomo\VogomoPOS_20180601\lib\activation-1.0.2.jar;C:\Users\Dell Dev 2\Documents\Vogomo\VogomoPOS_20180601\lib\ant-1.7.1.jar;C:\Users\Dell Dev 2\Documents\Vogomo\VogomoPOS_20180601\lib\aopalliance-1.0.jar;C:\Users\Dell Dev 2\Documents\Vogomo\VogomoPOS_20180601\lib\axis-1.4.jar;C:\Users\Dell Dev 2\Documents\Vogomo\VogomoPOS_20180601\lib\axis-jaxrpc-1.4.jar;C:\Users\Dell Dev 2\Documents\Vogomo\VogomoPOS_20180601\lib\axis-wsdl4j-1.5.1.jar;C:\Users\Dell Dev 2\Documents\Vogomo\VogomoPOS_20180601\lib\backport-util-concurrent-3.1.jar;C:\Users\Dell Dev 2\Documents\Vogomo\VogomoPOS_20180601\lib\barcode4j-2.1.jar;C:\Users\Dell Dev 2\Documents\Vogomo\VogomoPOS_20180601\lib\batik-awt-util-1.6.jar;C:\Users\Dell Dev 2\Documents\Vogomo\VogomoPOS_20180601\lib\batik-bridge-1.6.jar;C:\Users\Dell Dev 2\Documents\Vogomo\VogomoPOS_20180601\lib\batik-css-1.6.jar;C:\Users\Dell Dev 2\Documents\Vogomo\VogomoPOS_20180601\lib\batik-dom-1.6.jar;C:\Users\Dell Dev 2\Documents\Vogomo\VogomoPOS_20180601\lib\batik-ext-1.6.jar;C:\Users\Dell Dev 2\Documents\Vogomo\VogomoPOS_20180601\lib\batik-gvt-1.6.jar;C:\Users\Dell Dev 2\Documents\Vogomo\VogomoPOS_20180601\lib\batik-parser-1.6.jar;C:\Users\Dell Dev 2\Documents\Vogomo\VogomoPOS_20180601\lib\batik-script-1.6.jar;C:\Users\Dell Dev 2\Documents\Vogomo\VogomoPOS_20180601\lib\batik-svg-dom-1.6.jar;C:\Users\Dell Dev 2\Documents\Vogomo\VogomoPOS_20180601\lib\batik-svggen-1.6.jar;C:\Users\Dell Dev 2\Documents\Vogomo\VogomoPOS_20180601\lib\batik-util-1.6.jar;C:\Users\Dell Dev 2\Documents\Vogomo\VogomoPOS_2
Launcher Type: SUN_STANDARD

Environment Variables:
JAVA_HOME=C:\Program Files\Java\jdk1.8.0_171
PATH=C:\Program Files (x86)\Common Files\Oracle\Java\javapath;C:\ProgramData\Oracle\Java\javapath;c:\Program Files (x86)\Intel\iCLS Client\;c:\Program Files\Intel\iCLS Client\;C:\WINDOWS\system32;C:\WINDOWS;C:\WINDOWS\System32\Wbem;C:\WINDOWS\System32\WindowsPowerShell\v1.0\;C:\Program Files\Intel\Intel(R) Management Engine Components\DAL;C:\Program Files\Intel\Intel(R) Management Engine Components\IPT;C:\Program Files (x86)\Intel\Intel(R) Management Engine Components\DAL;C:\Program Files (x86)\Intel\Intel(R) Management Engine Components\IPT;"C:\Program Files\Java\jdk1.8.0_171\bin;";C:\Program Files\Microsoft SQL Server\Client SDK\ODBC\110\Tools\Binn\;C:\Program Files (x86)\Microsoft SQL Server\120\Tools\Binn\;C:\Program Files\Microsoft SQL Server\120\Tools\Binn\;C:\Program Files\Microsoft SQL Server\120\DTS\Binn\;C:\Program Files (x86)\Microsoft SQL Server\120\Tools\Binn\ManagementStudio\;C:\Program Files (x86)\Microsoft SQL Server\120\DTS\Binn\;C:\Program Files\Git\cmd;"C:\Program Files\Git\bin;C:\Program Files\nodejs\;C:\ffmpeg\bin;;C:\WINDOWS\System32\OpenSSH\";C:\Program Files (x86)\Inno Setup 5;C:\Users\Dell Dev 2\AppData\Local\Microsoft\WindowsApps;C:\Users\Dell Dev 2\AppData\Roaming\npm;
USERNAME=Dell Dev 2
OS=Windows_NT
PROCESSOR_IDENTIFIER=Intel64 Family 6 Model 60 Stepping 3, GenuineIntel



---------------  S Y S T E M  ---------------

OS: Windows 10.0 , 64 bit Build 17134 (10.0.17134.1)

CPU:total 8 (initial active 8) (4 cores per cpu, 2 threads per core) family 6 model 60 stepping 3, cmov, cx8, fxsr, mmx, sse, sse2, sse3, ssse3, sse4.1, sse4.2, popcnt, avx, avx2, aes, clmul, erms, lzcnt, ht, tsc, tscinvbit, bmi1, bmi2

Memory: 4k page, physical 16692140k(9452300k free), swap 19182508k(9098356k free)

vm_info: Java HotSpot(TM) 64-Bit Server VM (25.171-b11) for windows-amd64 JRE (1.8.0_171-b11), built on Mar 28 2018 16:06:12 by "java_re" with MS VC++ 10.0 (VS2010)

time: Mon Jun 04 11:21:20 2018
elapsed time: 82 seconds (0d 0h 1m 22s)

